Performing C SOURCE FILE Test CMAKE_HAVE_LIBC_PTHREAD failed with the following output:
Change Dir: /home/kerfur/DEV/MY_GITHUB/Midnight-Engine/CMakeFiles/CMakeTmp

Run Build Command(s):/usr/bin/gmake cmTC_daefd/fast && /usr/bin/gmake  -f CMakeFiles/cmTC_daefd.dir/build.make CMakeFiles/cmTC_daefd.dir/build
gmake[1]: Entering directory '/home/kerfur/DEV/MY_GITHUB/Midnight-Engine/CMakeFiles/CMakeTmp'
Building C object CMakeFiles/cmTC_daefd.dir/src.c.o
/usr/bin/cc   -DCMAKE_HAVE_LIBC_PTHREAD -o CMakeFiles/cmTC_daefd.dir/src.c.o -c /home/kerfur/DEV/MY_GITHUB/Midnight-Engine/CMakeFiles/CMakeTmp/src.c
Linking C executable cmTC_daefd
/usr/bin/cmake -E cmake_link_script CMakeFiles/cmTC_daefd.dir/link.txt --verbose=1
/usr/bin/cc  -DCMAKE_HAVE_LIBC_PTHREAD CMakeFiles/cmTC_daefd.dir/src.c.o -o cmTC_daefd 
/usr/bin/ld: CMakeFiles/cmTC_daefd.dir/src.c.o: in function `main':
src.c:(.text+0x2f): undefined reference to `pthread_create'
/usr/bin/ld: src.c:(.text+0x3b): undefined reference to `pthread_detach'
/usr/bin/ld: src.c:(.text+0x47): undefined reference to `pthread_cancel'
/usr/bin/ld: src.c:(.text+0x58): undefined reference to `pthread_join'
collect2: error: ld returned 1 exit status
gmake[1]: *** [CMakeFiles/cmTC_daefd.dir/build.make:106: cmTC_daefd] Error 1
gmake[1]: Leaving directory '/home/kerfur/DEV/MY_GITHUB/Midnight-Engine/CMakeFiles/CMakeTmp'
gmake: *** [Makefile:140: cmTC_daefd/fast] Error 2


Source file was:
#include <pthread.h>

void* test_func(void* data)
{
  return data;
}

int main(void)
{
  pthread_t thread;
  pthread_create(&thread, NULL, test_func, NULL);
  pthread_detach(thread);
  pthread_cancel(thread);
  pthread_join(thread, NULL);
  pthread_atfork(NULL, NULL, NULL);
  pthread_exit(NULL);

  return 0;
}

Determining if the function pthread_create exists in the pthreads failed with the following output:
Change Dir: /home/kerfur/DEV/MY_GITHUB/Midnight-Engine/CMakeFiles/CMakeTmp

Run Build Command(s):/usr/bin/gmake cmTC_7f907/fast && /usr/bin/gmake  -f CMakeFiles/cmTC_7f907.dir/build.make CMakeFiles/cmTC_7f907.dir/build
gmake[1]: Entering directory '/home/kerfur/DEV/MY_GITHUB/Midnight-Engine/CMakeFiles/CMakeTmp'
Building C object CMakeFiles/cmTC_7f907.dir/CheckFunctionExists.c.o
/usr/bin/cc   -DCHECK_FUNCTION_EXISTS=pthread_create -o CMakeFiles/cmTC_7f907.dir/CheckFunctionExists.c.o -c /usr/share/cmake-3.18/Modules/CheckFunctionExists.c
Linking C executable cmTC_7f907
/usr/bin/cmake -E cmake_link_script CMakeFiles/cmTC_7f907.dir/link.txt --verbose=1
/usr/bin/cc  -DCHECK_FUNCTION_EXISTS=pthread_create CMakeFiles/cmTC_7f907.dir/CheckFunctionExists.c.o -o cmTC_7f907  -lpthreads 
/usr/bin/ld: cannot find -lpthreads
collect2: error: ld returned 1 exit status
gmake[1]: *** [CMakeFiles/cmTC_7f907.dir/build.make:106: cmTC_7f907] Error 1
gmake[1]: Leaving directory '/home/kerfur/DEV/MY_GITHUB/Midnight-Engine/CMakeFiles/CMakeTmp'
gmake: *** [Makefile:140: cmTC_7f907/fast] Error 2



Determining if the pthread_create exist failed with the following output:
Change Dir: /home/kerfur/DEV/MY_GITHUB/Midnight-Engine/CMakeFiles/CMakeTmp

Run Build Command(s):/usr/bin/gmake cmTC_12137/fast 
/usr/bin/gmake -f CMakeFiles/cmTC_12137.dir/build.make CMakeFiles/cmTC_12137.dir/build
gmake[1]: Entering directory '/home/kerfur/DEV/MY_GITHUB/Midnight-Engine/CMakeFiles/CMakeTmp'
Building C object CMakeFiles/cmTC_12137.dir/CheckSymbolExists.c.o
/usr/bin/cc    -o CMakeFiles/cmTC_12137.dir/CheckSymbolExists.c.o   -c /home/kerfur/DEV/MY_GITHUB/Midnight-Engine/CMakeFiles/CMakeTmp/CheckSymbolExists.c
Linking C executable cmTC_12137
/home/kerfur/Downloads/clion/clion-2019.2/bin/cmake/linux/bin/cmake -E cmake_link_script CMakeFiles/cmTC_12137.dir/link.txt --verbose=1
/usr/bin/cc      CMakeFiles/cmTC_12137.dir/CheckSymbolExists.c.o  -o cmTC_12137 
/usr/bin/ld: CMakeFiles/cmTC_12137.dir/CheckSymbolExists.c.o: in function `main':
CheckSymbolExists.c:(.text+0x1b): undefined reference to `pthread_create'
collect2: error: ld returned 1 exit status
gmake[1]: *** [CMakeFiles/cmTC_12137.dir/build.make:87: cmTC_12137] Error 1
gmake[1]: Leaving directory '/home/kerfur/DEV/MY_GITHUB/Midnight-Engine/CMakeFiles/CMakeTmp'
gmake: *** [Makefile:121: cmTC_12137/fast] Error 2

File /home/kerfur/DEV/MY_GITHUB/Midnight-Engine/CMakeFiles/CMakeTmp/CheckSymbolExists.c:
/* */
#include <pthread.h>

int main(int argc, char** argv)
{
  (void)argv;
#ifndef pthread_create
  return ((int*)(&pthread_create))[argc];
#else
  (void)argc;
  return 0;
#endif
}

